#
# A fatal error has been detected by the Java Runtime Environment:
#
#  Internal Error (javaClasses.cpp:129), pid=3856, tid=4752
#  fatal error: Invalid layout of preloaded class
#
# JRE version: 7.0_25-b17
# Java VM: Java HotSpot(TM) Client VM (23.25-b01 mixed mode windows-x86 )
# Failed to write core dump. Minidumps are not enabled by default on client versions of Windows
#
# If you would like to submit a bug report, please visit:
#   http://bugreport.sun.com/bugreport/crash.jsp
#

---------------  T H R E A D  ---------------

Current thread (0x000fb000):  JavaThread "Unknown thread" [_thread_in_vm, id=4752, stack(0x01260000,0x012b0000)]

Stack: [0x01260000,0x012b0000],  sp=0x012af464,  free space=317k
Native frames: (J=compiled Java code, j=interpreted, Vv=VM code, C=native code)
V  [jvm.dll+0x167e31]
V  [jvm.dll+0x1620f6]
V  [jvm.dll+0x1f92f]
V  [jvm.dll+0x1f9b6]
V  [jvm.dll+0x2cffd]
V  [jvm.dll+0x2d2a9]
V  [jvm.dll+0x75351]
V  [jvm.dll+0x7570b]
V  [jvm.dll+0x123881]
V  [jvm.dll+0x1439cc]
V  [jvm.dll+0xa619f]
C  [javaw.exe+0x13ca]
C  [javaw.exe+0x1e3c]
C  [javaw.exe+0xa5b1]
C  [javaw.exe+0xa63b]
C  [kernel32.dll+0x51154]  BaseThreadInitThunk+0x12
C  [ntdll.dll+0x5b299]  RtlInitializeExceptionChain+0x63
C  [ntdll.dll+0x5b26c]  RtlInitializeExceptionChain+0x36


---------------  P R O C E S S  ---------------

Java Threads: ( => current thread )

Other Threads:

=>0x000fb000 (exited) JavaThread "Unknown thread" [_thread_in_vm, id=4752, stack(0x01260000,0x012b0000)]

VM state:not at safepoint (not fully initialized)

VM Mutex/Monitor currently owned by a thread: None

GC Heap History (0 events):
No events

Deoptimization events (0 events):
No events

Internal exceptions (0 events):
No events

Events (10 events):
Event: 0.668 loading class 0x01a03d98 done
Event: 0.669 loading class 0x01a034f0 done
Event: 0.669 loading class 0x01a034c8
Event: 0.669 loading class 0x01a784e0
Event: 0.670 loading class 0x01a784e0 done
Event: 0.670 loading class 0x01a78518
Event: 0.670 loading class 0x01a78518 done
Event: 0.670 loading class 0x01a6d2c0
Event: 0.671 loading class 0x01a6d2c0 done
Event: 0.671 loading class 0x01a034c8 done


Dynamic libraries:
0x01130000 - 0x0115f000 	C:\Program Files\Java\jdk1.7.0_25\bin\javaw.exe
0x773a0000 - 0x774dc000 	C:\Windows\SYSTEM32\ntdll.dll
0x75d20000 - 0x75df4000 	C:\Windows\system32\kernel32.dll
0x757e0000 - 0x7582b000 	C:\Windows\system32\KERNELBASE.dll
0x75840000 - 0x758e0000 	C:\Windows\system32\ADVAPI32.dll
0x76db0000 - 0x76e5c000 	C:\Windows\system32\msvcrt.dll
0x76cf0000 - 0x76d09000 	C:\Windows\SYSTEM32\sechost.dll
0x77000000 - 0x770a1000 	C:\Windows\system32\RPCRT4.dll
0x772d0000 - 0x77399000 	C:\Windows\system32\USER32.dll
0x77280000 - 0x772ce000 	C:\Windows\system32\GDI32.dll
0x770f0000 - 0x770fa000 	C:\Windows\system32\LPK.dll
0x76d10000 - 0x76dae000 	C:\Windows\system32\USP10.dll
0x74000000 - 0x7419e000 	C:\Windows\WinSxS\x86_microsoft.windows.common-controls_6595b64144ccf1df_6.0.7600.16661_none_420fe3fa2b8113bd\COMCTL32.dll
0x774e0000 - 0x77537000 	C:\Windows\system32\SHLWAPI.dll
0x75fc0000 - 0x75fdf000 	C:\Windows\system32\IMM32.DLL
0x75c50000 - 0x75d1c000 	C:\Windows\system32\MSCTF.dll
0x5ecd0000 - 0x5ed8e000 	C:\Program Files\Java\jdk1.7.0_25\jre\bin\msvcr100.dll
0x5d130000 - 0x5d472000 	C:\Program Files\Java\jdk1.7.0_25\jre\bin\client\jvm.dll
0x6d6f0000 - 0x6d6f7000 	C:\Windows\system32\WSOCK32.dll
0x770b0000 - 0x770e5000 	C:\Windows\system32\WS2_32.dll
0x75ae0000 - 0x75ae6000 	C:\Windows\system32\NSI.dll
0x748c0000 - 0x748f2000 	C:\Windows\system32\WINMM.dll
0x75830000 - 0x75835000 	C:\Windows\system32\PSAPI.DLL
0x72c20000 - 0x72c2c000 	C:\Program Files\Java\jdk1.7.0_25\jre\bin\verify.dll
0x620d0000 - 0x620f0000 	C:\Program Files\Java\jdk1.7.0_25\jre\bin\java.dll
0x620b0000 - 0x620c3000 	C:\Program Files\Java\jdk1.7.0_25\jre\bin\zip.dll
0x715a0000 - 0x7168b000 	C:\Windows\system32\dbghelp.dll

VM Arguments:
jvm_args: -Dfile.encoding=GBK -Xbootclasspath:D:\adt-bundle-windows-x86-20140321\adt-bundle-windows-x86-20140321\sdk\platforms\android-17\android.jar 
java_command: cn.thcic.broadcast.Test
Launcher Type: SUN_STANDARD

Environment Variables:
CLASSPATH=.;C:\Program Files\Java\jdk1.7.0_25\lib\tools.jar;C:\Program Files\Java\jdk1.7.0_25\lib\dt.jar;C:\Program Files\Java\jdk1.8.0_91\lib\tools.jar;C:\Program Files\Java\jdk1.8.0_91\lib\dt.jar
PATH=C:/Program Files/Java/jre1.8.0_91/bin/client;C:/Program Files/Java/jre1.8.0_91/bin;C:/Program Files/Java/jre1.8.0_91/lib/i386;C:\ProgramData\Oracle\Java\javapath;C:\android-sdk-windows\tools;C:\android-sdk-windows\platform-tools;C:\Program Files\Java\jdk1.7.0_25\bin;c:\oracle\product\10.2.0\db_1\bin;D:\oracle\product\10.2.0\db_1\bin;C:\Windows\system32;C:\Windows;C:\Windows\System32\Wbem;C:\Windows\System32\WindowsPowerShell\v1.0\;C:\Program Files\Mythware\e-Learning Class\;C:\Program Files\Java\jdk1.8.0_91;C:\Program Files\Git\cmd;D:\adt-bundle-windows-x86-20140321\adt-bundle-windows-x86-20140321\eclipse;
USERNAME=Administrator
OS=Windows_NT
PROCESSOR_IDENTIFIER=x86 Family 6 Model 37 Stepping 5, GenuineIntel



---------------  S Y S T E M  ---------------

OS: Windows 7 Build 7600 

CPU:total 4 (2 cores per cpu, 2 threads per core) family 6 model 37 stepping 5, cmov, cx8, fxsr, mmx, sse, sse2, sse3, ssse3, sse4.1, sse4.2, popcnt, ht, tsc, tscinvbit

Memory: 4k page, physical 3071096k(842792k free), swap 6140428k(2530920k free)

vm_info: Java HotSpot(TM) Client VM (23.25-b01) for windows-x86 JRE (1.7.0_25-b17), built on Jun 21 2013 13:06:48 by "java_re" with unknown MS VC++:1600

time: Mon Dec 05 09:37:31 2016
elapsed time: 0 seconds

